Drill Listing
=============
Drill: .01181  Tool: 1  Feed: 95  Speed: 300
X 103749  Y 103749
X 103749  Y 131588
X 117669  Y 145507
X 103749  Y 159427
X 103749  Y 187266
X 117669  Y 201185
X 117821  Y 212734
X 103749  Y 215105
X 117669  Y 229024
X 103749  Y 242943
X 118556  Y 247254
X 117669  Y 256863
X 103749  Y 270782
X 118311  Y 274186
X 117669  Y 284702
X 103749  Y 298621
X 115373  Y 301606
X 117669  Y 312541
X 103749  Y 326460
X 117669  Y 340379
X 103749  Y 354299
X 145507  Y 368218
X 173346  Y 368218
X 131588  Y 354299
X 159427  Y 354299
X 163604  Y 351306
X 142059  Y 348368
X 152342  Y 341513
X 145507  Y 340379
X 173346  Y 340379
X 131588  Y 326460
X 159427  Y 326460
X 168990  Y 325110
X 145507  Y 312541
X 173346  Y 312541
X 159427  Y 298621
X 173346  Y 284702
X 173346  Y 256863
X 131588  Y 242943
X 131588  Y 215105
X 159427  Y 159427
X 173346  Y 145507
X 159427  Y 131588
X 173346  Y 117669
X 131588  Y 103749
X 159427  Y 103749
X 187266  Y 103749
X 201185  Y 117669
X 187266  Y 131588
X 201185  Y 145507
X 187266  Y 159427
X 201185  Y 201185
X 199606  Y 222834
X 201185  Y 229024
X 187266  Y 242943
X 201185  Y 256863
X 187266  Y 270782
X 201185  Y 284702
X 181966  Y 296954
X 187266  Y 298621
X 201185  Y 312541
X 187266  Y 326460
X 181721  Y 328537
X 201185  Y 340379
X 182456  Y 342982
X 187266  Y 354299
X 201185  Y 368218
X 215105  Y 354299
X 208897  Y 348613
X 215105  Y 326460
X 215105  Y 298621
X 215105  Y 270782
X 215105  Y 242943
X 224759  Y 222834
X 215105  Y 215105
X 215105  Y 159427
X 215507  Y 117251
X 215105  Y 103749
X 242943  Y 103749
X 229024  Y 117669
X 229024  Y 173346
X 231289  Y 184470
X 243700  Y 188976
X 244881  Y 203937
X 229024  Y 256863
X 237775  Y 268503
X 247775  Y 268897
X 229024  Y 284702
X 229024  Y 312541
X 229024  Y 340379
X 229024  Y 368218
X 256863  Y 368218
X 270782  Y 354299
X 256863  Y 340379
X 270782  Y 326460
X 256863  Y 312541
X 278346  Y 289370
X 256863  Y 284702
X 261460  Y 277559
X 272440  Y 277559
X 257480  Y 275196
X 254330  Y 208661
X 278346  Y 202362
X 263779  Y 188582
X 263779  Y 177559
X 258267  Y 175590
X 270782  Y 159427
X 298621  Y 103749
X 284702  Y 145507
X 298621  Y 159427
X 284059  Y 164258
X 291338  Y 207480
X 287751  Y 210629
X 284702  Y 229024
X 284702  Y 256863
X 284702  Y 312541
X 298621  Y 326460
X 299973  Y 337596
X 284702  Y 340379
X 298621  Y 354299
X 284702  Y 368218
X 312541  Y 368218
X 326460  Y 354299
X 312214  Y 354244
X 312541  Y 340379
X 326460  Y 326460
X 310745  Y 325354
X 312541  Y 312541
X 326460  Y 298621
X 326460  Y 270782
X 317279  Y 263779
X 326460  Y 242943
X 326460  Y 187266
X 326460  Y 159427
X 326460  Y 131588
X 312541  Y 117669
X 326460  Y 103749
X 340379  Y 117669
X 329842  Y 117986
X 342573  Y 134634
X 331556  Y 145406
X 340379  Y 145507
X 342573  Y 158137
X 340379  Y 173346
X 340379  Y 312541
X 330087  Y 322906
X 331066  Y 335148
X 340379  Y 340379
X 340379  Y 368218
X 353835  Y 342492
X 368218  Y 340379
X 354299  Y 326460
X 360200  Y 316051
X 368218  Y 312541
X 354299  Y 270782
X 368218  Y 229024
X 354299  Y 159427
X 368218  Y 145507
X 354299  Y 131588
X 354299  Y 103749

Drill: .01969  Tool: 2  Feed: 95  Speed: 300
X 190551  Y 147244
X 190157  Y 170122
X 181933  Y 199606
X 179921  Y 253543
X 252775  Y 308661
X 261460  Y 306692
X 240551  Y 204330
X 207874  Y 201181
X 264173  Y 201181
X 244094  Y 198031
X 208267  Y 194881
X 285826  Y 177165
X 285039  Y 235433
X 285433  Y 272440
X 341732  Y 289763
X 317322  Y 306692

Drill: .02756  Tool: 3  Feed: 197  Speed: 550
X 274015  Y 217440
X 274015  Y 227440

Drill: .02953  Tool: 4  Feed: 197  Speed: 550
X 226968  Y 230708
X 236811  Y 230708

Drill: .0315  Tool: 5  Feed: 197  Speed: 550
X 133976  Y 296456
X 143976  Y 296456

Drill: .03937  Tool: 6  Feed: 197  Speed: 550
X 146181  Y 117716
X 110236  Y 131889
X 146259  Y 146062
X 112204  Y 173228
X 144488  Y 173228
X 151181  Y 173228
X 111102  Y 193307
X 151102  Y 193307
X 137204  Y 262204
X 150984  Y 262204
X 227795  Y 355905
X 157874  Y 173228
X 164566  Y 173228
X 171259  Y 173228
X 160039  Y 146062
X 156181  Y 117716
X 243543  Y 114685
X 253543  Y 114685
X 263543  Y 114685
X 253543  Y 124685
X 243543  Y 124685
X 263543  Y 124685
X 265748  Y 247637
X 250393  Y 248818
X 238188  Y 249606
X 268503  Y 310236
X 247795  Y 355905
X 237795  Y 355905
X 298425  Y 272834
X 326771  Y 229133
X 326771  Y 219291
X 326771  Y 209055
X 303346  Y 207283
X 326771  Y 198818
X 299606  Y 169291
X 359842  Y 166732
X 348818  Y 179133
X 359448  Y 179133
X 346968  Y 199015
X 356968  Y 199015
X 346968  Y 209015
X 356968  Y 209015
X 356968  Y 219015
X 346968  Y 219015
X 356968  Y 229015
X 346968  Y 229015
X 356968  Y 239015
X 346968  Y 239015
X 356968  Y 249015
X 346968  Y 249015
X 364173  Y 265748
X 349606  Y 282283
X 350393  Y 294488

Drill: .1378  Tool: 7  Feed: 35  Speed: 794
X 115748  Y 115748
X 115748  Y 359842
X 359842  Y 359842
X 359842  Y 115748

End of Listing
